# JRE version: Java(TM) SE Runtime Environment (7.0_45-b18) (build 1.7.0_45-b18)
# Java VM: Java HotSpot(TM) 64-Bit Server VM (24.45-b08 mixed mode windows-amd64 compressed oops)
Heap
 PSYoungGen      total 283648K, used 22003K [0x00000000eaa80000, 0x00000000ffc80000, 0x0000000100000000)
  eden space 221184K, 0% used [0x00000000eaa80000,0x00000000eaa80000,0x00000000f8280000)
  from space 62464K, 35% used [0x00000000fbf80000,0x00000000fd4fceb0,0x00000000ffc80000)
  to   space 62464K, 0% used [0x00000000f8280000,0x00000000f8280000,0x00000000fbf80000)
 ParOldGen       total 176640K, used 129017K [0x00000000c0000000, 0x00000000cac80000, 0x00000000eaa80000)
  object space 176640K, 73% used [0x00000000c0000000,0x00000000c7dfe7e8,0x00000000cac80000)
 PSPermGen       total 75776K, used 73668K [0x00000000b0000000, 0x00000000b4a00000, 0x00000000c0000000)
  object space 75776K, 97% used [0x00000000b0000000,0x00000000b47f1190,0x00000000b4a00000)
GC Heap History (10 events):
Event: 19185.523 GC heap after
Heap after GC invocations=126 (full 28):
 PSYoungGen      total 266240K, used 25840K [0x00000000eaa80000, 0x00000000ff680000, 0x0000000100000000)
  eden space 203776K, 0% used [0x00000000eaa80000,0x00000000eaa80000,0x00000000f7180000)
  from space 62464K, 41% used [0x00000000fb980000,0x00000000fd2bc010,0x00000000ff680000)
  to   space 68096K, 0% used [0x00000000f7180000,0x00000000f7180000,0x00000000fb400000)
 ParOldGen       total 176640K, used 50480K [0x00000000c0000000, 0x00000000cac80000, 0x00000000eaa80000)
  object space 176640K, 28% used [0x00000000c0000000,0x00000000c314c0a0,0x00000000cac80000)
 PSPermGen       total 75776K, used 73438K [0x00000000b0000000, 0x00000000b4a00000, 0x00000000c0000000)
  object space 75776K, 96% used [0x00000000b0000000,0x00000000b47b7a10,0x00000000b4a00000)
}
Event: 19247.189 GC heap before
{Heap before GC invocations=127 (full 28):
 PSYoungGen      total 266240K, used 229616K [0x00000000eaa80000, 0x00000000ff680000, 0x0000000100000000)
  eden space 203776K, 100% used [0x00000000eaa80000,0x00000000f7180000,0x00000000f7180000)
  from space 62464K, 41% used [0x00000000fb980000,0x00000000fd2bc010,0x00000000ff680000)
  to   space 68096K, 0% used [0x00000000f7180000,0x00000000f7180000,0x00000000fb400000)
 ParOldGen       total 176640K, used 50480K [0x00000000c0000000, 0x00000000cac80000, 0x00000000eaa80000)
  object space 176640K, 28% used [0x00000000c0000000,0x00000000c314c0a0,0x00000000cac80000)
 PSPermGen       total 75776K, used 73484K [0x00000000b0000000, 0x00000000b4a00000, 0x00000000c0000000)
  object space 75776K, 96% used [0x00000000b0000000,0x00000000b47c3010,0x00000000b4a00000)
Event: 19247.253 GC heap after
Heap after GC invocations=127 (full 28):
 PSYoungGen      total 271872K, used 16524K [0x00000000eaa80000, 0x00000000fff80000, 0x0000000100000000)
  eden space 203776K, 0% used [0x00000000eaa80000,0x00000000eaa80000,0x00000000f7180000)
  from space 68096K, 24% used [0x00000000f7180000,0x00000000f81a33d0,0x00000000fb400000)
  to   space 65024K, 0% used [0x00000000fc000000,0x00000000fc000000,0x00000000fff80000)
 ParOldGen       total 176640K, used 74682K [0x00000000c0000000, 0x00000000cac80000, 0x00000000eaa80000)
  object space 176640K, 42% used [0x00000000c0000000,0x00000000c48eeb08,0x00000000cac80000)
 PSPermGen       total 75776K, used 73484K [0x00000000b0000000, 0x00000000b4a00000, 0x00000000c0000000)
  object space 75776K, 96% used [0x00000000b0000000,0x00000000b47c3010,0x00000000b4a00000)
}
Event: 19282.098 GC heap before
{Heap before GC invocations=128 (full 28):
 PSYoungGen      total 271872K, used 220300K [0x00000000eaa80000, 0x00000000fff80000, 0x0000000100000000)
  eden space 203776K, 100% used [0x00000000eaa80000,0x00000000f7180000,0x00000000f7180000)
  from space 68096K, 24% used [0x00000000f7180000,0x00000000f81a33d0,0x00000000fb400000)
  to   space 65024K, 0% used [0x00000000fc000000,0x00000000fc000000,0x00000000fff80000)
 ParOldGen       total 176640K, used 74682K [0x00000000c0000000, 0x00000000cac80000, 0x00000000eaa80000)
  object space 176640K, 42% used [0x00000000c0000000,0x00000000c48eeb08,0x00000000cac80000)
 PSPermGen       total 75776K, used 73534K [0x00000000b0000000, 0x00000000b4a00000, 0x00000000c0000000)
  object space 75776K, 97% used [0x00000000b0000000,0x00000000b47cfb90,0x00000000b4a00000)
Event: 19282.116 GC heap after
Heap after GC invocations=128 (full 28):
 PSYoungGen      total 273920K, used 15114K [0x00000000eaa80000, 0x00000000ff800000, 0x0000000100000000)
  eden space 216576K, 0% used [0x00000000eaa80000,0x00000000eaa80000,0x00000000f7e00000)
  from space 57344K, 26% used [0x00000000fc000000,0x00000000fcec2aa8,0x00000000ff800000)
  to   space 62464K, 0% used [0x00000000f7e00000,0x00000000f7e00000,0x00000000fbb00000)
 ParOldGen       total 176640K, used 75306K [0x00000000c0000000, 0x00000000cac80000, 0x00000000eaa80000)
  object space 176640K, 42% used [0x00000000c0000000,0x00000000c498abe8,0x00000000cac80000)
 PSPermGen       total 75776K, used 73534K [0x00000000b0000000, 0x00000000b4a00000, 0x00000000c0000000)
  object space 75776K, 97% used [0x00000000b0000000,0x00000000b47cfb90,0x00000000b4a00000)
}
Event: 19285.645 GC heap before
{Heap before GC invocations=129 (full 28):
 PSYoungGen      total 273920K, used 231690K [0x00000000eaa80000, 0x00000000ff800000, 0x0000000100000000)
  eden space 216576K, 100% used [0x00000000eaa80000,0x00000000f7e00000,0x00000000f7e00000)
  from space 57344K, 26% used [0x00000000fc000000,0x00000000fcec2aa8,0x00000000ff800000)
  to   space 62464K, 0% used [0x00000000f7e00000,0x00000000f7e00000,0x00000000fbb00000)
 ParOldGen       total 176640K, used 75306K [0x00000000c0000000, 0x00000000cac80000, 0x00000000eaa80000)
  object space 176640K, 42% used [0x00000000c0000000,0x00000000c498abe8,0x00000000cac80000)
 PSPermGen       total 75776K, used 73659K [0x00000000b0000000, 0x00000000b4a00000, 0x00000000c0000000)
  object space 75776K, 97% used [0x00000000b0000000,0x00000000b47eec58,0x00000000b4a00000)
Event: 19285.707 GC heap after
Heap after GC invocations=129 (full 28):
 PSYoungGen      total 279040K, used 43876K [0x00000000eaa80000, 0x0000000100000000, 0x0000000100000000)
  eden space 216576K, 0% used [0x00000000eaa80000,0x00000000eaa80000,0x00000000f7e00000)
  from space 62464K, 70% used [0x00000000f7e00000,0x00000000fa8d9210,0x00000000fbb00000)
  to   space 66048K, 0% used [0x00000000fbf80000,0x00000000fbf80000,0x0000000100000000)
 ParOldGen       total 176640K, used 88581K [0x00000000c0000000, 0x00000000cac80000, 0x00000000eaa80000)
  object space 176640K, 50% used [0x00000000c0000000,0x00000000c5681718,0x00000000cac80000)
 PSPermGen       total 75776K, used 73659K [0x00000000b0000000, 0x00000000b4a00000, 0x00000000c0000000)
  object space 75776K, 97% used [0x00000000b0000000,0x00000000b47eec58,0x00000000b4a00000)
}
Event: 19309.297 GC heap before
{Heap before GC invocations=130 (full 28):
 PSYoungGen      total 279040K, used 260452K [0x00000000eaa80000, 0x0000000100000000, 0x0000000100000000)
  eden space 216576K, 100% used [0x00000000eaa80000,0x00000000f7e00000,0x00000000f7e00000)
  from space 62464K, 70% used [0x00000000f7e00000,0x00000000fa8d9210,0x00000000fbb00000)
  to   space 66048K, 0% used [0x00000000fbf80000,0x00000000fbf80000,0x0000000100000000)
 ParOldGen       total 176640K, used 88581K [0x00000000c0000000, 0x00000000cac80000, 0x00000000eaa80000)
  object space 176640K, 50% used [0x00000000c0000000,0x00000000c5681718,0x00000000cac80000)
 PSPermGen       total 75776K, used 73668K [0x00000000b0000000, 0x00000000b4a00000, 0x00000000c0000000)
  object space 75776K, 97% used [0x00000000b0000000,0x00000000b47f1190,0x00000000b4a00000)
Event: 19309.392 GC heap after
Heap after GC invocations=130 (full 28):
 PSYoungGen      total 283648K, used 22003K [0x00000000eaa80000, 0x00000000ffc80000, 0x0000000100000000)
  eden space 221184K, 0% used [0x00000000eaa80000,0x00000000eaa80000,0x00000000f8280000)
  from space 62464K, 35% used [0x00000000fbf80000,0x00000000fd4fceb0,0x00000000ffc80000)
  to   space 62464K, 0% used [0x00000000f8280000,0x00000000f8280000,0x00000000fbf80000)
 ParOldGen       total 176640K, used 129017K [0x00000000c0000000, 0x00000000cac80000, 0x00000000eaa80000)
  object space 176640K, 73% used [0x00000000c0000000,0x00000000c7dfe7e8,0x00000000cac80000)
 PSPermGen       total 75776K, used 73668K [0x00000000b0000000, 0x00000000b4a00000, 0x00000000c0000000)
  object space 75776K, 97% used [0x00000000b0000000,0x00000000b47f1190,0x00000000b4a00000)
}
Event: 19309.393 GC heap before
{Heap before GC invocations=131 (full 29):
 PSYoungGen      total 283648K, used 22003K [0x00000000eaa80000, 0x00000000ffc80000, 0x0000000100000000)
  eden space 221184K, 0% used [0x00000000eaa80000,0x00000000eaa80000,0x00000000f8280000)
  from space 62464K, 35% used [0x00000000fbf80000,0x00000000fd4fceb0,0x00000000ffc80000)
  to   space 62464K, 0% used [0x00000000f8280000,0x00000000f8280000,0x00000000fbf80000)
 ParOldGen       total 176640K, used 129017K [0x00000000c0000000, 0x00000000cac80000, 0x00000000eaa80000)
  object space 176640K, 73% used [0x00000000c0000000,0x00000000c7dfe7e8,0x00000000cac80000)
 PSPermGen       total 75776K, used 73668K [0x00000000b0000000, 0x00000000b4a00000, 0x00000000c0000000)
  object space 75776K, 97% used [0x00000000b0000000,0x00000000b47f1190,0x00000000b4a00000)

